  PercolationConsole.cpp
C:\Users\urwaf\source\repos\PercolationConsole\PercolationConsole\WeightedQuickUnion.cpp(71,15): warning C4267: 'initializing': conversion from 'size_t' to 'int', possible loss of data
C:\Users\urwaf\source\repos\PercolationConsole\PercolationConsole\PercolationConsole.cpp(168,72): warning C4244: 'argument': conversion from 'int' to 'T', possible loss of data
          with
          [
              T=float
          ]
C:\Users\urwaf\source\repos\PercolationConsole\PercolationConsole\PercolationConsole.cpp(168,58): warning C4244: 'argument': conversion from 'int' to 'T', possible loss of data
          with
          [
              T=float
          ]
C:\Users\urwaf\source\repos\PercolationConsole\PercolationConsole\PercolationConsole.cpp(169,69): warning C4244: 'argument': conversion from 'int' to 'T', possible loss of data
          with
          [
              T=float
          ]
C:\Users\urwaf\source\repos\PercolationConsole\PercolationConsole\PercolationConsole.cpp(169,55): warning C4244: 'argument': conversion from 'int' to 'T', possible loss of data
          with
          [
              T=float
          ]
C:\Users\urwaf\source\repos\PercolationConsole\PercolationConsole\PercolationConsole.cpp(170,71): warning C4244: 'argument': conversion from 'int' to 'T', possible loss of data
          with
          [
              T=float
          ]
C:\Users\urwaf\source\repos\PercolationConsole\PercolationConsole\PercolationConsole.cpp(170,57): warning C4244: 'argument': conversion from 'int' to 'T', possible loss of data
          with
          [
              T=float
          ]
C:\Users\urwaf\source\repos\PercolationConsole\PercolationConsole\PercolationConsole.cpp(171,54): warning C4244: 'argument': conversion from 'int' to 'T', possible loss of data
          with
          [
              T=float
          ]
C:\Users\urwaf\source\repos\PercolationConsole\PercolationConsole\PercolationConsole.cpp(171,44): warning C4244: 'argument': conversion from 'int' to 'T', possible loss of data
          with
          [
              T=float
          ]
C:\Users\urwaf\source\repos\PercolationConsole\PercolationConsole\PercolationConsole.cpp(178,32): warning C4244: 'argument': conversion from 'int' to 'float', possible loss of data
C:\Users\urwaf\source\repos\PercolationConsole\PercolationConsole\PercolationConsole.cpp(217,70): warning C4244: 'argument': conversion from 'int' to 'float', possible loss of data
C:\Users\urwaf\source\repos\PercolationConsole\PercolationConsole\PercolationConsole.cpp(217,50): warning C4244: 'argument': conversion from 'int' to 'float', possible loss of data
C:\Users\urwaf\source\repos\PercolationConsole\PercolationConsole\PercolationConsole.cpp(222,68): warning C4244: 'argument': conversion from 'int' to 'float', possible loss of data
C:\Users\urwaf\source\repos\PercolationConsole\PercolationConsole\PercolationConsole.cpp(222,48): warning C4244: 'argument': conversion from 'int' to 'float', possible loss of data
C:\Users\urwaf\source\repos\PercolationConsole\PercolationConsole\PercolationConsole.cpp(228,67): warning C4244: 'argument': conversion from 'int' to 'float', possible loss of data
C:\Users\urwaf\source\repos\PercolationConsole\PercolationConsole\PercolationConsole.cpp(228,47): warning C4244: 'argument': conversion from 'int' to 'float', possible loss of data
  PercolationConsole.vcxproj -> C:\Users\urwaf\source\repos\PercolationConsole\x64\Debug\PercolationConsole.exe
